#
# A fatal error has been detected by the Java Runtime Environment:
#
#  EXCEPTION_ACCESS_VIOLATION (0xc0000005) at pc=0x00007ffae45f6699, pid=16116, tid=16348
#
# JRE version: Java(TM) SE Runtime Environment (14.0.1+7) (build 14.0.1+7)
# Java VM: Java HotSpot(TM) 64-Bit Server VM (14.0.1+7, mixed mode, sharing, tiered, compressed oops, g1 gc, windows-amd64)
# Problematic frame:
# V  [jvm.dll+0x206699]
#
# No core dump will be written. Minidumps are not enabled by default on client versions of Windows
#
# If you would like to submit a bug report, please visit:
#   https://bugreport.java.com/bugreport/crash.jsp
#

---------------  S U M M A R Y ------------

Command Line: -XX:+ShowCodeDetailsInExceptionMessages -agentlib:jdwp=transport=dt_socket,suspend=y,address=localhost:59806 -javaagent:C:\Users\niv\eclipse\java-2020-09\eclipse\configuration\org.eclipse.osgi\215\0\.cp\lib\javaagent-shaded.jar -Dfile.encoding=Cp1255 bohan.STR

Host: Intel(R) Core(TM) i5-3470 CPU @ 3.20GHz, 4 cores, 7G,  Windows 10 , 64 bit Build 19041 (10.0.19041.662)
Time: Thu Jan 28 11:34:43 2021 שעון רגיל ירושלים elapsed time: 402 seconds (0d 0h 6m 42s)

---------------  T H R E A D  ---------------

Current thread (0x00000199fe4d9800):  JavaThread "JDWP Transport Listener: dt_socket" daemon [_thread_in_vm, id=16348, stack(0x00000065c7c00000,0x00000065c7d00000)] _threads_hazard_ptr=0x00000199fe54c9a0

Stack: [0x00000065c7c00000,0x00000065c7d00000],  sp=0x00000065c7cfed88,  free space=1019k
Native frames: (J=compiled Java code, j=interpreted, Vv=VM code, C=native code)
V  [jvm.dll+0x206699]


siginfo: EXCEPTION_ACCESS_VIOLATION (0xc0000005), reading address 0x00000199fdef88f8


Register to memory mapping:

RIP=0x00007ffae45f6699 jvm.dll
RAX=0x0000000000170020 is an unknown value
RBX=0x00000065c7cff040 is pointing into the stack for thread: 0x00000199fe4d9800
RCX=0x00000199fdd888d8 is pointing into metadata
RDX=0x000000000000b800 is an unknown value
RSP=0x00000065c7cfed88 is pointing into the stack for thread: 0x00000199fe4d9800
RBP=0x0000000000000001 is an unknown value
RSI=0x0000000000000001 is an unknown value
RDI=0x00000199fdd880b0 is pointing into metadata
R8 =0x0 is NULL
R9 =0x00000199fdd880b0 is pointing into metadata
R10=0x0000000800b9ac70 is a pointer to class: 
bohan.STR {0x0000000800b9ac78}
R11=0x00000199fe99b380 points into unknown readable memory: 00 00 00 47 00 00 00 46
R12=0x00000199fe99b350 points into unknown readable memory: 00 2d a8 88 00 00 00 00
R13=0x0 is NULL
R14=0x00000199fdd885a3 is pointing into metadata
R15=0x000000000000000c is an unknown value


Registers:
RAX=0x0000000000170020, RBX=0x00000065c7cff040, RCX=0x00000199fdd888d8, RDX=0x000000000000b800
RSP=0x00000065c7cfed88, RBP=0x0000000000000001, RSI=0x0000000000000001, RDI=0x00000199fdd880b0
R8 =0x0000000000000000, R9 =0x00000199fdd880b0, R10=0x0000000800b9ac70, R11=0x00000199fe99b380
R12=0x00000199fe99b350, R13=0x0000000000000000, R14=0x00000199fdd885a3, R15=0x000000000000000c
RIP=0x00007ffae45f6699, EFLAGS=0x0000000000010202

Top of Stack: (sp=0x00000065c7cfed88)
0x00000065c7cfed88:   00007ffae46deef3 00000065c7cfee10
0x00000065c7cfed98:   00007ffae450137e 0000000000000005
0x00000065c7cfeda8:   00007ffae497ec3e 0000006500000000
0x00000065c7cfedb8:   00007ffae44f8d6e 00000065c7cfeed0
0x00000065c7cfedc8:   00007ffae46df753 000048f7d930d9ab
0x00000065c7cfedd8:   000000000000000b 00000199fdd885a3
0x00000065c7cfede8:   00000065c7cfeea0 00000065c7cff040
0x00000065c7cfedf8:   00007ffae46e0f82 0000000000000000
0x00000065c7cfee08:   0000000000000003 0000000000000001
0x00000065c7cfee18:   00007ffae46f351a 0000006500000003
0x00000065c7cfee28:   6666666666666667 00007ffae4c20000
0x00000065c7cfee38:   00000199000000b1 00000065c7cfeea0
0x00000065c7cfee48:   00007ffae450137e 00000199fdd885c0
0x00000065c7cfee58:   00000199fe99b3a0 000000000000000c
0x00000065c7cfee68:   00000000000000b2 00000000000000b2
0x00000065c7cfee78:   00007ffae46e190e 00000065c7cff040 

Instructions: (pc=0x00007ffae45f6699)
0x00007ffae45f6599:   03 03 03 03 03 03 03 03 03 03 03 03 03 03 03 03
0x00007ffae45f65a9:   03 03 03 03 03 03 03 03 03 03 03 03 03 03 03 03
0x00007ffae45f65b9:   03 03 03 03 03 03 03 03 03 03 03 03 03 03 03 03
0x00007ffae45f65c9:   03 03 03 03 03 03 03 03 03 03 03 03 03 03 03 03
0x00007ffae45f65d9:   03 03 02 03 03 02 cc 48 89 5c 24 08 48 89 74 24
0x00007ffae45f65e9:   10 57 48 83 ec 20 48 63 da 41 0f b6 f0 48 8b f9
0x00007ffae45f65f9:   85 d2 79 24 4c 8d 0d ec 82 63 00 ba 99 02 00 00
0x00007ffae45f6609:   4c 8d 05 18 83 63 00 48 8d 0d 91 82 63 00 e8 94
0x00007ffae45f6619:   6b 00 00 e8 3f 19 3f 00 40 84 f6 75 18 48 8b 4f
0x00007ffae45f6629:   10 48 85 c9 74 0f 48 8d 43 01 48 c1 e0 05 48 8b
0x00007ffae45f6639:   04 08 0f b7 d8 48 8b 74 24 38 48 63 c3 48 8b 5c
0x00007ffae45f6649:   24 30 0f b7 44 c7 40 48 83 c4 20 5f c3 cc cc cc
0x00007ffae45f6659:   cc cc cc cc cc cc cc 4c 8b c9 45 84 c0 75 42 48
0x00007ffae45f6669:   8b 49 10 48 85 c9 74 39 85 d2 79 1a f7 d2 48 63
0x00007ffae45f6679:   c2 48 ff c0 48 c1 e0 05 48 8b 04 08 0f b7 c8 41
0x00007ffae45f6689:   0f b7 44 c9 42 c3 48 63 c2 48 ff c0 48 c1 e0 05
0x00007ffae45f6699:   48 8b 04 08 0f b7 d0 48 63 c2 41 0f b7 44 c1 42
0x00007ffae45f66a9:   c3 49 8b 41 08 4c 63 c2 42 0f b6 44 00 04 8d 48
0x00007ffae45f66b9:   ef 80 f9 01 76 0e 3c 6a 74 0a 48 63 c2 41 0f b7
0x00007ffae45f66c9:   44 c1 42 c3 43 0f b7 44 c1 42 c3 cc cc cc cc cc
0x00007ffae45f66d9:   cc cc cc cc cc cc cc 40 53 48 83 ec 20 48 8b d9
0x00007ffae45f66e9:   e8 72 ff ff ff 48 63 d0 0f b7 44 d3 40 48 8b 44
0x00007ffae45f66f9:   c3 40 48 83 c4 20 5b c3 cc cc cc cc cc cc cc cc
0x00007ffae45f6709:   cc cc cc cc cc cc cc 40 53 48 83 ec 20 48 8b d9
0x00007ffae45f6719:   e8 42 ff ff ff 48 63 d0 0f b7 44 d3 42 48 8b 44
0x00007ffae45f6729:   c3 40 48 83 c4 20 5b c3 cc cc cc cc cc cc cc cc
0x00007ffae45f6739:   cc cc cc cc cc cc cc 4c 8b d1 45 84 c9 75 23 4c
0x00007ffae45f6749:   8b 49 10 4d 85 c9 74 1a 45 85 c0 79 03 41 f7 d0
0x00007ffae45f6759:   49 63 c0 48 ff c0 48 c1 e0 05 4a 8b 04 08 44 0f
0x00007ffae45f6769:   b7 c0 49 8b 42 08 49 63 c8 0f b6 4c 08 04 48 8b
0x00007ffae45f6779:   c2 88 0a c3 cc cc cc 40 56 57 41 54 41 56 41 57
0x00007ffae45f6789:   48 83 ec 20 45 8b 30 49 8b f0 49 63 f9 4c 8b e2 


Stack slot to memory mapping:
stack at sp + 0 slots: 0x00007ffae46deef3 jvm.dll
stack at sp + 1 slots: 0x00000065c7cfee10 is pointing into the stack for thread: 0x00000199fe4d9800
stack at sp + 2 slots: 0x00007ffae450137e jvm.dll
stack at sp + 3 slots: 0x0000000000000005 is an unknown value
stack at sp + 4 slots: 0x00007ffae497ec3e jvm.dll
stack at sp + 5 slots: 0x0000006500000000 is an unknown value
stack at sp + 6 slots: 0x00007ffae44f8d6e jvm.dll
stack at sp + 7 slots: 0x00000065c7cfeed0 is pointing into the stack for thread: 0x00000199fe4d9800


---------------  P R O C E S S  ---------------

Threads class SMR info:
_java_thread_list=0x00000199fe54c9a0, length=14, elements={
0x00000199ee0b6800, 0x00000199fd90b800, 0x00000199fd90c800, 0x00000199fd928800,
0x00000199fd92c000, 0x00000199fd92d800, 0x00000199fd934000, 0x00000199fe241800,
0x00000199fe24c000, 0x00000199fe368800, 0x00000199fe4d9800, 0x00000199fe4dc000,
0x00000199fe4df000, 0x00000199fe585000
}

Java Threads: ( => current thread )
  0x00000199ee0b6800 JavaThread "main" [_thread_blocked, id=13192, stack(0x00000065c6c00000,0x00000065c6d00000)]
  0x00000199fd90b800 JavaThread "Reference Handler" daemon [_thread_blocked, id=1248, stack(0x00000065c7300000,0x00000065c7400000)]
  0x00000199fd90c800 JavaThread "Finalizer" daemon [_thread_blocked, id=15744, stack(0x00000065c7400000,0x00000065c7500000)]
  0x00000199fd928800 JavaThread "Signal Dispatcher" daemon [_thread_blocked, id=17688, stack(0x00000065c7500000,0x00000065c7600000)]
  0x00000199fd92c000 JavaThread "Attach Listener" daemon [_thread_blocked, id=13808, stack(0x00000065c7600000,0x00000065c7700000)]
  0x00000199fd92d800 JavaThread "Service Thread" daemon [_thread_blocked, id=10984, stack(0x00000065c7700000,0x00000065c7800000)]
  0x00000199fd934000 JavaThread "C2 CompilerThread0" daemon [_thread_blocked, id=2744, stack(0x00000065c7800000,0x00000065c7900000)]
  0x00000199fe241800 JavaThread "C1 CompilerThread0" daemon [_thread_blocked, id=15528, stack(0x00000065c7900000,0x00000065c7a00000)]
  0x00000199fe24c000 JavaThread "Sweeper thread" daemon [_thread_blocked, id=13564, stack(0x00000065c7a00000,0x00000065c7b00000)]
  0x00000199fe368800 JavaThread "Common-Cleaner" daemon [_thread_blocked, id=236, stack(0x00000065c7b00000,0x00000065c7c00000)]
=>0x00000199fe4d9800 JavaThread "JDWP Transport Listener: dt_socket" daemon [_thread_in_vm, id=16348, stack(0x00000065c7c00000,0x00000065c7d00000)]
  0x00000199fe4dc000 JavaThread "JDWP Event Helper Thread" daemon [_thread_blocked, id=5084, stack(0x00000065c7d00000,0x00000065c7e00000)]
  0x00000199fe4df000 JavaThread "JDWP Command Reader" daemon [_thread_in_native, id=7300, stack(0x00000065c7e00000,0x00000065c7f00000)]
  0x00000199fe585000 JavaThread "Notification Thread" daemon [_thread_blocked, id=16544, stack(0x00000065c7f00000,0x00000065c8000000)]

Other Threads:
  0x00000199fd909000 VMThread "VM Thread" [stack: 0x00000065c7200000,0x00000065c7300000] [id=12152]
  0x00000199fe590000 WatcherThread [stack: 0x00000065c8000000,0x00000065c8100000] [id=12896]
  0x00000199ee0f5800 GCTaskThread "GC Thread#0" [stack: 0x00000065c6d00000,0x00000065c6e00000] [id=368]
  0x00000199ee107800 ConcurrentGCThread "G1 Main Marker" [stack: 0x00000065c6e00000,0x00000065c6f00000] [id=7148]
  0x00000199ee109000 ConcurrentGCThread "G1 Conc#0" [stack: 0x00000065c6f00000,0x00000065c7000000] [id=17604]
  0x00000199fd77f800 ConcurrentGCThread "G1 Refine#0" [stack: 0x00000065c7000000,0x00000065c7100000] [id=18008]
  0x00000199fd780800 ConcurrentGCThread "G1 Young RemSet Sampling" [stack: 0x00000065c7100000,0x00000065c7200000] [id=13032]

Threads with active compile tasks:

VM state:not at safepoint (normal execution)

VM Mutex/Monitor currently owned by a thread: None

Heap address: 0x0000000080c00000, size: 2036 MB, Compressed Oops mode: 32-bit
Narrow klass base: 0x0000000800000000, Narrow klass shift: 3
Compressed class space size: 1073741824 Address: 0x0000000800b30000

Heap:
 garbage-first heap   total 131072K, used 4096K [0x0000000080c00000, 0x0000000100000000)
  region size 1024K, 6 young (6144K), 0 survivors (0K)
 Metaspace       used 2768K, capacity 4909K, committed 5120K, reserved 1056768K
  class space    used 255K, capacity 443K, committed 512K, reserved 1048576K
Heap Regions: E=young(eden), S=young(survivor), O=old, HS=humongous(starts), HC=humongous(continues), CS=collection set, F=free, OA=open archive, CA=closed archive, TAMS=top-at-mark-start (previous, next)
|   0|0x0000000080c00000, 0x0000000080c00000, 0x0000000080d00000|  0%| F|  |TAMS 0x0000000080c00000, 0x0000000080c00000| Untracked 
|   1|0x0000000080d00000, 0x0000000080d00000, 0x0000000080e00000|  0%| F|  |TAMS 0x0000000080d00000, 0x0000000080d00000| Untracked 
|   2|0x0000000080e00000, 0x0000000080e00000, 0x0000000080f00000|  0%| F|  |TAMS 0x0000000080e00000, 0x0000000080e00000| Untracked 
|   3|0x0000000080f00000, 0x0000000080f00000, 0x0000000081000000|  0%| F|  |TAMS 0x0000000080f00000, 0x0000000080f00000| Untracked 
|   4|0x0000000081000000, 0x0000000081000000, 0x0000000081100000|  0%| F|  |TAMS 0x0000000081000000, 0x0000000081000000| Untracked 
|   5|0x0000000081100000, 0x0000000081100000, 0x0000000081200000|  0%| F|  |TAMS 0x0000000081100000, 0x0000000081100000| Untracked 
|   6|0x0000000081200000, 0x0000000081200000, 0x0000000081300000|  0%| F|  |TAMS 0x0000000081200000, 0x0000000081200000| Untracked 
|   7|0x0000000081300000, 0x0000000081300000, 0x0000000081400000|  0%| F|  |TAMS 0x0000000081300000, 0x0000000081300000| Untracked 
|   8|0x0000000081400000, 0x0000000081400000, 0x0000000081500000|  0%| F|  |TAMS 0x0000000081400000, 0x0000000081400000| Untracked 
|   9|0x0000000081500000, 0x0000000081500000, 0x0000000081600000|  0%| F|  |TAMS 0x0000000081500000, 0x0000000081500000| Untracked 
|  10|0x0000000081600000, 0x0000000081600000, 0x0000000081700000|  0%| F|  |TAMS 0x0000000081600000, 0x0000000081600000| Untracked 
|  11|0x0000000081700000, 0x0000000081700000, 0x0000000081800000|  0%| F|  |TAMS 0x0000000081700000, 0x0000000081700000| Untracked 
|  12|0x0000000081800000, 0x0000000081800000, 0x0000000081900000|  0%| F|  |TAMS 0x0000000081800000, 0x0000000081800000| Untracked 
|  13|0x0000000081900000, 0x0000000081900000, 0x0000000081a00000|  0%| F|  |TAMS 0x0000000081900000, 0x0000000081900000| Untracked 
|  14|0x0000000081a00000, 0x0000000081a00000, 0x0000000081b00000|  0%| F|  |TAMS 0x0000000081a00000, 0x0000000081a00000| Untracked 
|  15|0x0000000081b00000, 0x0000000081b00000, 0x0000000081c00000|  0%| F|  |TAMS 0x0000000081b00000, 0x0000000081b00000| Untracked 
|  16|0x0000000081c00000, 0x0000000081c00000, 0x0000000081d00000|  0%| F|  |TAMS 0x0000000081c00000, 0x0000000081c00000| Untracked 
|  17|0x0000000081d00000, 0x0000000081d00000, 0x0000000081e00000|  0%| F|  |TAMS 0x0000000081d00000, 0x0000000081d00000| Untracked 
|  18|0x0000000081e00000, 0x0000000081e00000, 0x0000000081f00000|  0%| F|  |TAMS 0x0000000081e00000, 0x0000000081e00000| Untracked 
|  19|0x0000000081f00000, 0x0000000081f00000, 0x0000000082000000|  0%| F|  |TAMS 0x0000000081f00000, 0x0000000081f00000| Untracked 
|  20|0x0000000082000000, 0x0000000082000000, 0x0000000082100000|  0%| F|  |TAMS 0x0000000082000000, 0x0000000082000000| Untracked 
|  21|0x0000000082100000, 0x0000000082100000, 0x0000000082200000|  0%| F|  |TAMS 0x0000000082100000, 0x0000000082100000| Untracked 
|  22|0x0000000082200000, 0x0000000082200000, 0x0000000082300000|  0%| F|  |TAMS 0x0000000082200000, 0x0000000082200000| Untracked 
|  23|0x0000000082300000, 0x0000000082300000, 0x0000000082400000|  0%| F|  |TAMS 0x0000000082300000, 0x0000000082300000| Untracked 
|  24|0x0000000082400000, 0x0000000082400000, 0x0000000082500000|  0%| F|  |TAMS 0x0000000082400000, 0x0000000082400000| Untracked 
|  25|0x0000000082500000, 0x0000000082500000, 0x0000000082600000|  0%| F|  |TAMS 0x0000000082500000, 0x0000000082500000| Untracked 
|  26|0x0000000082600000, 0x0000000082600000, 0x0000000082700000|  0%| F|  |TAMS 0x0000000082600000, 0x0000000082600000| Untracked 
|  27|0x0000000082700000, 0x0000000082700000, 0x0000000082800000|  0%| F|  |TAMS 0x0000000082700000, 0x0000000082700000| Untracked 
|  28|0x0000000082800000, 0x0000000082800000, 0x0000000082900000|  0%| F|  |TAMS 0x0000000082800000, 0x0000000082800000| Untracked 
|  29|0x0000000082900000, 0x0000000082900000, 0x0000000082a00000|  0%| F|  |TAMS 0x0000000082900000, 0x0000000082900000| Untracked 
|  30|0x0000000082a00000, 0x0000000082a00000, 0x0000000082b00000|  0%| F|  |TAMS 0x0000000082a00000, 0x0000000082a00000| Untracked 
|  31|0x0000000082b00000, 0x0000000082b00000, 0x0000000082c00000|  0%| F|  |TAMS 0x0000000082b00000, 0x0000000082b00000| Untracked 
|  32|0x0000000082c00000, 0x0000000082c00000, 0x0000000082d00000|  0%| F|  |TAMS 0x0000000082c00000, 0x0000000082c00000| Untracked 
|  33|0x0000000082d00000, 0x0000000082d00000, 0x0000000082e00000|  0%| F|  |TAMS 0x0000000082d00000, 0x0000000082d00000| Untracked 
|  34|0x0000000082e00000, 0x0000000082e00000, 0x0000000082f00000|  0%| F|  |TAMS 0x0000000082e00000, 0x0000000082e00000| Untracked 
|  35|0x0000000082f00000, 0x0000000082f00000, 0x0000000083000000|  0%| F|  |TAMS 0x0000000082f00000, 0x0000000082f00000| Untracked 
|  36|0x0000000083000000, 0x0000000083000000, 0x0000000083100000|  0%| F|  |TAMS 0x0000000083000000, 0x0000000083000000| Untracked 
|  37|0x0000000083100000, 0x0000000083100000, 0x0000000083200000|  0%| F|  |TAMS 0x0000000083100000, 0x0000000083100000| Untracked 
|  38|0x0000000083200000, 0x0000000083200000, 0x0000000083300000|  0%| F|  |TAMS 0x0000000083200000, 0x0000000083200000| Untracked 
|  39|0x0000000083300000, 0x0000000083300000, 0x0000000083400000|  0%| F|  |TAMS 0x0000000083300000, 0x0000000083300000| Untracked 
|  40|0x0000000083400000, 0x0000000083400000, 0x0000000083500000|  0%| F|  |TAMS 0x0000000083400000, 0x0000000083400000| Untracked 
|  41|0x0000000083500000, 0x0000000083500000, 0x0000000083600000|  0%| F|  |TAMS 0x0000000083500000, 0x0000000083500000| Untracked 
|  42|0x0000000083600000, 0x0000000083600000, 0x0000000083700000|  0%| F|  |TAMS 0x0000000083600000, 0x0000000083600000| Untracked 
|  43|0x0000000083700000, 0x0000000083700000, 0x0000000083800000|  0%| F|  |TAMS 0x0000000083700000, 0x0000000083700000| Untracked 
|  44|0x0000000083800000, 0x0000000083800000, 0x0000000083900000|  0%| F|  |TAMS 0x0000000083800000, 0x0000000083800000| Untracked 
|  45|0x0000000083900000, 0x0000000083900000, 0x0000000083a00000|  0%| F|  |TAMS 0x0000000083900000, 0x0000000083900000| Untracked 
|  46|0x0000000083a00000, 0x0000000083a00000, 0x0000000083b00000|  0%| F|  |TAMS 0x0000000083a00000, 0x0000000083a00000| Untracked 
|  47|0x0000000083b00000, 0x0000000083b00000, 0x0000000083c00000|  0%| F|  |TAMS 0x0000000083b00000, 0x0000000083b00000| Untracked 
|  48|0x0000000083c00000, 0x0000000083c00000, 0x0000000083d00000|  0%| F|  |TAMS 0x0000000083c00000, 0x0000000083c00000| Untracked 
|  49|0x0000000083d00000, 0x0000000083d00000, 0x0000000083e00000|  0%| F|  |TAMS 0x0000000083d00000, 0x0000000083d00000| Untracked 
|  50|0x0000000083e00000, 0x0000000083e00000, 0x0000000083f00000|  0%| F|  |TAMS 0x0000000083e00000, 0x0000000083e00000| Untracked 
|  51|0x0000000083f00000, 0x0000000083f00000, 0x0000000084000000|  0%| F|  |TAMS 0x0000000083f00000, 0x0000000083f00000| Untracked 
|  52|0x0000000084000000, 0x0000000084000000, 0x0000000084100000|  0%| F|  |TAMS 0x0000000084000000, 0x0000000084000000| Untracked 
|  53|0x0000000084100000, 0x0000000084100000, 0x0000000084200000|  0%| F|  |TAMS 0x0000000084100000, 0x0000000084100000| Untracked 
|  54|0x0000000084200000, 0x0000000084200000, 0x0000000084300000|  0%| F|  |TAMS 0x0000000084200000, 0x0000000084200000| Untracked 
|  55|0x0000000084300000, 0x0000000084300000, 0x0000000084400000|  0%| F|  |TAMS 0x0000000084300000, 0x0000000084300000| Untracked 
|  56|0x0000000084400000, 0x0000000084400000, 0x0000000084500000|  0%| F|  |TAMS 0x0000000084400000, 0x0000000084400000| Untracked 
|  57|0x0000000084500000, 0x0000000084500000, 0x0000000084600000|  0%| F|  |TAMS 0x0000000084500000, 0x0000000084500000| Untracked 
|  58|0x0000000084600000, 0x0000000084600000, 0x0000000084700000|  0%| F|  |TAMS 0x0000000084600000, 0x0000000084600000| Untracked 
|  59|0x0000000084700000, 0x0000000084700000, 0x0000000084800000|  0%| F|  |TAMS 0x0000000084700000, 0x0000000084700000| Untracked 
|  60|0x0000000084800000, 0x0000000084800000, 0x0000000084900000|  0%| F|  |TAMS 0x0000000084800000, 0x0000000084800000| Untracked 
|  61|0x0000000084900000, 0x0000000084900000, 0x0000000084a00000|  0%| F|  |TAMS 0x0000000084900000, 0x0000000084900000| Untracked 
|  62|0x0000000084a00000, 0x0000000084a00000, 0x0000000084b00000|  0%| F|  |TAMS 0x0000000084a00000, 0x0000000084a00000| Untracked 
|  63|0x0000000084b00000, 0x0000000084b00000, 0x0000000084c00000|  0%| F|  |TAMS 0x0000000084b00000, 0x0000000084b00000| Untracked 
|  64|0x0000000084c00000, 0x0000000084c00000, 0x0000000084d00000|  0%| F|  |TAMS 0x0000000084c00000, 0x0000000084c00000| Untracked 
|  65|0x0000000084d00000, 0x0000000084d00000, 0x0000000084e00000|  0%| F|  |TAMS 0x0000000084d00000, 0x0000000084d00000| Untracked 
|  66|0x0000000084e00000, 0x0000000084e00000, 0x0000000084f00000|  0%| F|  |TAMS 0x0000000084e00000, 0x0000000084e00000| Untracked 
|  67|0x0000000084f00000, 0x0000000084f00000, 0x0000000085000000|  0%| F|  |TAMS 0x0000000084f00000, 0x0000000084f00000| Untracked 
|  68|0x0000000085000000, 0x0000000085000000, 0x0000000085100000|  0%| F|  |TAMS 0x0000000085000000, 0x0000000085000000| Untracked 
|  69|0x0000000085100000, 0x0000000085100000, 0x0000000085200000|  0%| F|  |TAMS 0x0000000085100000, 0x0000000085100000| Untracked 
|  70|0x0000000085200000, 0x0000000085200000, 0x0000000085300000|  0%| F|  |TAMS 0x0000000085200000, 0x0000000085200000| Untracked 
|  71|0x0000000085300000, 0x0000000085300000, 0x0000000085400000|  0%| F|  |TAMS 0x0000000085300000, 0x0000000085300000| Untracked 
|  72|0x0000000085400000, 0x0000000085400000, 0x0000000085500000|  0%| F|  |TAMS 0x0000000085400000, 0x0000000085400000| Untracked 
|  73|0x0000000085500000, 0x0000000085500000, 0x0000000085600000|  0%| F|  |TAMS 0x0000000085500000, 0x0000000085500000| Untracked 
|  74|0x0000000085600000, 0x0000000085600000, 0x0000000085700000|  0%| F|  |TAMS 0x0000000085600000, 0x0000000085600000| Untracked 
|  75|0x0000000085700000, 0x0000000085700000, 0x0000000085800000|  0%| F|  |TAMS 0x0000000085700000, 0x0000000085700000| Untracked 
|  76|0x0000000085800000, 0x0000000085800000, 0x0000000085900000|  0%| F|  |TAMS 0x0000000085800000, 0x0000000085800000| Untracked 
|  77|0x0000000085900000, 0x0000000085900000, 0x0000000085a00000|  0%| F|  |TAMS 0x0000000085900000, 0x0000000085900000| Untracked 
|  78|0x0000000085a00000, 0x0000000085a00000, 0x0000000085b00000|  0%| F|  |TAMS 0x0000000085a00000, 0x0000000085a00000| Untracked 
|  79|0x0000000085b00000, 0x0000000085b00000, 0x0000000085c00000|  0%| F|  |TAMS 0x0000000085b00000, 0x0000000085b00000| Untracked 
|  80|0x0000000085c00000, 0x0000000085c00000, 0x0000000085d00000|  0%| F|  |TAMS 0x0000000085c00000, 0x0000000085c00000| Untracked 
|  81|0x0000000085d00000, 0x0000000085d00000, 0x0000000085e00000|  0%| F|  |TAMS 0x0000000085d00000, 0x0000000085d00000| Untracked 
|  82|0x0000000085e00000, 0x0000000085e00000, 0x0000000085f00000|  0%| F|  |TAMS 0x0000000085e00000, 0x0000000085e00000| Untracked 
|  83|0x0000000085f00000, 0x0000000085f00000, 0x0000000086000000|  0%| F|  |TAMS 0x0000000085f00000, 0x0000000085f00000| Untracked 
|  84|0x0000000086000000, 0x0000000086000000, 0x0000000086100000|  0%| F|  |TAMS 0x0000000086000000, 0x0000000086000000| Untracked 
|  85|0x0000000086100000, 0x0000000086100000, 0x0000000086200000|  0%| F|  |TAMS 0x0000000086100000, 0x0000000086100000| Untracked 
|  86|0x0000000086200000, 0x0000000086200000, 0x0000000086300000|  0%| F|  |TAMS 0x0000000086200000, 0x0000000086200000| Untracked 
|  87|0x0000000086300000, 0x0000000086300000, 0x0000000086400000|  0%| F|  |TAMS 0x0000000086300000, 0x0000000086300000| Untracked 
|  88|0x0000000086400000, 0x0000000086400000, 0x0000000086500000|  0%| F|  |TAMS 0x0000000086400000, 0x0000000086400000| Untracked 
|  89|0x0000000086500000, 0x0000000086500000, 0x0000000086600000|  0%| F|  |TAMS 0x0000000086500000, 0x0000000086500000| Untracked 
|  90|0x0000000086600000, 0x0000000086600000, 0x0000000086700000|  0%| F|  |TAMS 0x0000000086600000, 0x0000000086600000| Untracked 
|  91|0x0000000086700000, 0x0000000086700000, 0x0000000086800000|  0%| F|  |TAMS 0x0000000086700000, 0x0000000086700000| Untracked 
|  92|0x0000000086800000, 0x0000000086800000, 0x0000000086900000|  0%| F|  |TAMS 0x0000000086800000, 0x0000000086800000| Untracked 
|  93|0x0000000086900000, 0x0000000086900000, 0x0000000086a00000|  0%| F|  |TAMS 0x0000000086900000, 0x0000000086900000| Untracked 
|  94|0x0000000086a00000, 0x0000000086a00000, 0x0000000086b00000|  0%| F|  |TAMS 0x0000000086a00000, 0x0000000086a00000| Untracked 
|  95|0x0000000086b00000, 0x0000000086b00000, 0x0000000086c00000|  0%| F|  |TAMS 0x0000000086b00000, 0x0000000086b00000| Untracked 
|  96|0x0000000086c00000, 0x0000000086c00000, 0x0000000086d00000|  0%| F|  |TAMS 0x0000000086c00000, 0x0000000086c00000| Untracked 
|  97|0x0000000086d00000, 0x0000000086d00000, 0x0000000086e00000|  0%| F|  |TAMS 0x0000000086d00000, 0x0000000086d00000| Untracked 
|  98|0x0000000086e00000, 0x0000000086e00000, 0x0000000086f00000|  0%| F|  |TAMS 0x0000000086e00000, 0x0000000086e00000| Untracked 
|  99|0x0000000086f00000, 0x0000000086f00000, 0x0000000087000000|  0%| F|  |TAMS 0x0000000086f00000, 0x0000000086f00000| Untracked 
| 100|0x0000000087000000, 0x0000000087000000, 0x0000000087100000|  0%| F|  |TAMS 0x0000000087000000, 0x0000000087000000| Untracked 
| 101|0x0000000087100000, 0x0000000087100000, 0x0000000087200000|  0%| F|  |TAMS 0x0000000087100000, 0x0000000087100000| Untracked 
| 102|0x0000000087200000, 0x0000000087200000, 0x0000000087300000|  0%| F|  |TAMS 0x0000000087200000, 0x0000000087200000| Untracked 
| 103|0x0000000087300000, 0x0000000087300000, 0x0000000087400000|  0%| F|  |TAMS 0x0000000087300000, 0x0000000087300000| Untracked 
| 104|0x0000000087400000, 0x0000000087400000, 0x0000000087500000|  0%| F|  |TAMS 0x0000000087400000, 0x0000000087400000| Untracked 
| 105|0x0000000087500000, 0x0000000087500000, 0x0000000087600000|  0%| F|  |TAMS 0x0000000087500000, 0x0000000087500000| Untracked 
| 106|0x0000000087600000, 0x0000000087600000, 0x0000000087700000|  0%| F|  |TAMS 0x0000000087600000, 0x0000000087600000| Untracked 
| 107|0x0000000087700000, 0x0000000087700000, 0x0000000087800000|  0%| F|  |TAMS 0x0000000087700000, 0x0000000087700000| Untracked 
| 108|0x0000000087800000, 0x0000000087800000, 0x0000000087900000|  0%| F|  |TAMS 0x0000000087800000, 0x0000000087800000| Untracked 
| 109|0x0000000087900000, 0x0000000087900000, 0x0000000087a00000|  0%| F|  |TAMS 0x0000000087900000, 0x0000000087900000| Untracked 
| 110|0x0000000087a00000, 0x0000000087a00000, 0x0000000087b00000|  0%| F|  |TAMS 0x0000000087a00000, 0x0000000087a00000| Untracked 
| 111|0x0000000087b00000, 0x0000000087b00000, 0x0000000087c00000|  0%| F|  |TAMS 0x0000000087b00000, 0x0000000087b00000| Untracked 
| 112|0x0000000087c00000, 0x0000000087c00000, 0x0000000087d00000|  0%| F|  |TAMS 0x0000000087c00000, 0x0000000087c00000| Untracked 
| 113|0x0000000087d00000, 0x0000000087d00000, 0x0000000087e00000|  0%| F|  |TAMS 0x0000000087d00000, 0x0000000087d00000| Untracked 
| 114|0x0000000087e00000, 0x0000000087e00000, 0x0000000087f00000|  0%| F|  |TAMS 0x0000000087e00000, 0x0000000087e00000| Untracked 
| 115|0x0000000087f00000, 0x0000000087f00000, 0x0000000088000000|  0%| F|  |TAMS 0x0000000087f00000, 0x0000000087f00000| Untracked 
| 116|0x0000000088000000, 0x0000000088000000, 0x0000000088100000|  0%| F|  |TAMS 0x0000000088000000, 0x0000000088000000| Untracked 
| 117|0x0000000088100000, 0x0000000088100000, 0x0000000088200000|  0%| F|  |TAMS 0x0000000088100000, 0x0000000088100000| Untracked 
| 118|0x0000000088200000, 0x0000000088200000, 0x0000000088300000|  0%| F|  |TAMS 0x0000000088200000, 0x0000000088200000| Untracked 
| 119|0x0000000088300000, 0x0000000088300000, 0x0000000088400000|  0%| F|  |TAMS 0x0000000088300000, 0x0000000088300000| Untracked 
| 120|0x0000000088400000, 0x0000000088400000, 0x0000000088500000|  0%| F|  |TAMS 0x0000000088400000, 0x0000000088400000| Untracked 
| 121|0x0000000088500000, 0x0000000088500000, 0x0000000088600000|  0%| F|  |TAMS 0x0000000088500000, 0x0000000088500000| Untracked 
| 122|0x0000000088600000, 0x000000008869cc30, 0x0000000088700000| 61%| E|  |TAMS 0x0000000088600000, 0x0000000088600000| Complete 
| 123|0x0000000088700000, 0x0000000088800000, 0x0000000088800000|100%| E|  |TAMS 0x0000000088700000, 0x0000000088700000| Complete 
| 124|0x0000000088800000, 0x0000000088900000, 0x0000000088900000|100%| E|CS|TAMS 0x0000000088800000, 0x0000000088800000| Complete 
| 125|0x0000000088900000, 0x0000000088a00000, 0x0000000088a00000|100%| E|CS|TAMS 0x0000000088900000, 0x0000000088900000| Complete 
| 126|0x0000000088a00000, 0x0000000088b00000, 0x0000000088b00000|100%| E|CS|TAMS 0x0000000088a00000, 0x0000000088a00000| Complete 
| 127|0x0000000088b00000, 0x0000000088c00000, 0x0000000088c00000|100%| E|CS|TAMS 0x0000000088b00000, 0x0000000088b00000| Complete 

Card table byte_map: [0x00000199f6c60000,0x00000199f7060000] _byte_map_base: 0x00000199f685a000

Marking Bits (Prev, Next): (CMBitMap*) 0x00000199ee0f65c8, (CMBitMap*) 0x00000199ee0f6608
 Prev Bits: [0x00000199f7460000, 0x00000199f9430000)
 Next Bits: [0x00000199f9430000, 0x00000199fb400000)

Polling page: 0x00000199ebf40000

Metaspace:

Usage:
  Non-class:      4.36 MB capacity,     2.45 MB ( 56%) used,     1.90 MB ( 44%) free+waste,     2.75 KB ( <1%) overhead. 
      Class:    443.00 KB capacity,   255.61 KB ( 58%) used,   185.83 KB ( 42%) free+waste,     1.56 KB ( <1%) overhead. 
       Both:      4.79 MB capacity,     2.70 MB ( 56%) used,     2.09 MB ( 44%) free+waste,     4.31 KB ( <1%) overhead. 

Virtual space:
  Non-class space:        8.00 MB reserved,       4.50 MB ( 56%) committed 
      Class space:        1.00 GB reserved,     512.00 KB ( <1%) committed 
             Both:        1.01 GB reserved,       5.00 MB ( <1%) committed 

Chunk freelists:
   Non-Class:  14.00 KB
       Class:  5.00 KB
        Both:  19.00 KB

MaxMetaspaceSize: 17179869184.00 GB
CompressedClassSpaceSize: 1.00 GB

CodeHeap 'non-profiled nmethods': size=120000Kb used=143Kb max_used=143Kb free=119856Kb
 bounds [0x0000019987ad0000, 0x0000019987d40000, 0x000001998f000000]
CodeHeap 'profiled nmethods': size=120000Kb used=679Kb max_used=679Kb free=119320Kb
 bounds [0x00000199805a0000, 0x0000019980810000, 0x0000019987ad0000]
CodeHeap 'non-nmethods': size=5760Kb used=1224Kb max_used=1241Kb free=4535Kb
 bounds [0x0000019980000000, 0x0000019980270000, 0x00000199805a0000]
 total_blobs=1254 nmethods=458 adapters=297
 compilation: enabled
              stopped_count=0, restarted_count=0
 full_count=0

Compilation events (20 events):
Event: 252.419 Thread 0x00000199fe241800  451       3       org.eclipse.jdt.launching.internal.org.objectweb.asm.Symbol::<init> (38 bytes)
Event: 252.419 Thread 0x00000199fe241800 nmethod 451 0x0000019980646d90 code [0x0000019980646f40, 0x00000199806471f8]
Event: 252.419 Thread 0x00000199fe241800  452       3       org.eclipse.jdt.launching.internal.org.objectweb.asm.ClassReader::readUTF8 (23 bytes)
Event: 252.419 Thread 0x00000199fe241800 nmethod 452 0x0000019980647310 code [0x00000199806474c0, 0x0000019980647788]
Event: 252.419 Thread 0x00000199fe241800  453       3       java.lang.String::<init> (14 bytes)
Event: 252.419 Thread 0x00000199fe241800 nmethod 453 0x0000019980647910 code [0x0000019980647ac0, 0x0000019980647cd8]
Event: 252.419 Thread 0x00000199fe241800  454       3       org.eclipse.jdt.launching.internal.org.objectweb.asm.SymbolTable::hash (10 bytes)
Event: 252.421 Thread 0x00000199fe241800 

Event: 316.867 Thread 0x00000199fe241800  455       3       org.eclipse.jdt.launching.internal.org.objectweb.asm.SymbolTable$Entry::<init> (17 bytes)
Event: 316.867 Thread 0x00000199fe241800 nmethod 455 0x0000019980647e10 code [0x0000019980647fc0, 0x0000019980648168]
Event: 316.867 Thread 0x00000199fe241800  456       3       org.eclipse.jdt.launching.internal.org.objectweb.asm.ClassReader::readUtf (161 bytes)
Event: 316.867 Thread 0x00000199fe241800 nmethod 456 0x0000019980648210 code [0x0000019980648400, 0x0000019980648a18]
Event: 316.867 Thread 0x00000199fe241800  457       3       org.eclipse.jdt.launching.internal.org.objectweb.asm.SymbolTable::add (39 bytes)
Event: 316.867 Thread 0x00000199fe241800 nmethod 457 0x0000019980648e10 code [0x0000019980648fc0, 0x0000019980649338]
Event: 348.960 Thread 0x00000199fe241800  458       3       org.eclipse.jdt.launching.internal.org.objectweb.asm.SymbolTable::addConstantUtf8 (20 bytes)
Event: 348.960 Thread 0x00000199fe241800 nmethod 458 0x0000019980649490 code [0x0000019980649660, 0x00000199806499e8]
Event: 348.960 Thread 0x00000199fe241800  459       3       org.eclipse.jdt.launching.internal.org.objectweb.asm.SymbolTable::hash (10 bytes)
Event: 348.960 Thread 0x00000199fe241800 nmethod 459 0x0000019980649b90 code [0x0000019980649d40, 0x0000019980649e68]
Event: 355.938 Thread 0x00000199fd934000  460       4       org.eclipse.jdt.launching.internal.org.objectweb.asm.ClassReader::readUnsignedShort (26 bytes)
Event: 355.941 Thread 0x00000199fd934000 


GC Heap History (0 events):
No events

Deoptimization events (20 events):
Event: 0.426 Thread 0x00000199ee0b6800 DEOPT PACKING pc=0x000001998061c801 sp=0x00000065c6cf7c60
Event: 0.426 Thread 0x00000199ee0b6800 DEOPT UNPACKING pc=0x000001998004964e sp=0x00000065c6cf7128 mode 0
Event: 0.428 Thread 0x00000199ee0b6800 DEOPT PACKING pc=0x000001998061c801 sp=0x00000065c6cfb850
Event: 0.428 Thread 0x00000199ee0b6800 DEOPT UNPACKING pc=0x000001998004964e sp=0x00000065c6cfad18 mode 0
Event: 0.428 Thread 0x00000199ee0b6800 DEOPT PACKING pc=0x000001998061c801 sp=0x00000065c6cfb850
Event: 0.428 Thread 0x00000199ee0b6800 DEOPT UNPACKING pc=0x000001998004964e sp=0x00000065c6cfad18 mode 0
Event: 0.428 Thread 0x00000199ee0b6800 DEOPT PACKING pc=0x000001998061c801 sp=0x00000065c6cfb850
Event: 0.428 Thread 0x00000199ee0b6800 DEOPT UNPACKING pc=0x000001998004964e sp=0x00000065c6cfad18 mode 0
Event: 0.428 Thread 0x00000199ee0b6800 DEOPT PACKING pc=0x000001998061c801 sp=0x00000065c6cfb850
Event: 0.428 Thread 0x00000199ee0b6800 DEOPT UNPACKING pc=0x000001998004964e sp=0x00000065c6cfad18 mode 0
Event: 0.438 Thread 0x00000199ee0b6800 DEOPT PACKING pc=0x000001998061c801 sp=0x00000065c6cf7960
Event: 0.438 Thread 0x00000199ee0b6800 DEOPT UNPACKING pc=0x000001998004964e sp=0x00000065c6cf6e28 mode 0
Event: 0.438 Thread 0x00000199ee0b6800 DEOPT PACKING pc=0x000001998061c801 sp=0x00000065c6cf7960
Event: 0.438 Thread 0x00000199ee0b6800 DEOPT UNPACKING pc=0x000001998004964e sp=0x00000065c6cf6e28 mode 0
Event: 0.438 Thread 0x00000199ee0b6800 DEOPT PACKING pc=0x000001998061c801 sp=0x00000065c6cf7960
Event: 0.438 Thread 0x00000199ee0b6800 DEOPT UNPACKING pc=0x000001998004964e sp=0x00000065c6cf6e28 mode 0
Event: 0.438 Thread 0x00000199ee0b6800 DEOPT PACKING pc=0x000001998061c801 sp=0x00000065c6cf7960
Event: 0.438 Thread 0x00000199ee0b6800 DEOPT UNPACKING pc=0x000001998004964e sp=0x00000065c6cf6e28 mode 0
Event: 0.439 Thread 0x00000199ee0b6800 DEOPT PACKING pc=0x000001998061c5cc sp=0x00000065c6cf7960
Event: 0.439 Thread 0x00000199ee0b6800 DEOPT UNPACKING pc=0x000001998004964e sp=0x00000065c6cf6e28 mode 0

Classes unloaded (0 events):
No events

Classes redefined (6 events):
Event: 149.047 Thread 0x00000199fd909000 redefined class name=bohan.STR, count=1
Event: 252.420 Thread 0x00000199fd909000 redefined class name=bohan.STR, count=2
Event: 316.868 Thread 0x00000199fd909000 redefined class name=bohan.STR, count=3
Event: 348.961 Thread 0x00000199fd909000 redefined class name=bohan.STR, count=4
Event: 355.939 Thread 0x00000199fd909000 redefined class name=bohan.STR, count=5
Event: 392.884 Thread 0x00000199fd909000 redefined class name=bohan.STR, count=6

Internal exceptions (0 events):
No events

Events (20 events):
Event: 399.183 Executing VM operation: GetCurrentContendedMonitor
Event: 399.183 Executing VM operation: GetCurrentContendedMonitor done
Event: 399.185 Executing VM operation: GetOwnedMonitorInfo
Event: 399.185 Executing VM operation: GetOwnedMonitorInfo done
Event: 399.553 Executing VM operation: GetCurrentContendedMonitor
Event: 399.553 Executing VM operation: GetCurrentContendedMonitor done
Event: 399.554 Executing VM operation: GetOwnedMonitorInfo
Event: 399.554 Executing VM operation: GetOwnedMonitorInfo done
Event: 402.548 Executing VM operation: GetFrameCount
Event: 402.548 Executing VM operation: GetFrameCount done
Event: 402.549 Executing VM operation: GetOwnedMonitorInfo
Event: 402.549 Executing VM operation: GetOwnedMonitorInfo done
Event: 402.549 Executing VM operation: GetCurrentContendedMonitor
Event: 402.549 Executing VM operation: GetCurrentContendedMonitor done
Event: 402.709 Executing VM operation: GetFrameCount
Event: 402.709 Executing VM operation: GetFrameCount done
Event: 402.709 Executing VM operation: GetOwnedMonitorInfo
Event: 402.710 Executing VM operation: GetOwnedMonitorInfo done
Event: 402.710 Executing VM operation: GetCurrentContendedMonitor
Event: 402.710 Executing VM operation: GetCurrentContendedMonitor done


Dynamic libraries:
0x00007ff64ea30000 - 0x00007ff64ea3f000 	C:\Program Files\Java\jdk-14.0.1\bin\javaw.exe
0x00007ffb3fed0000 - 0x00007ffb400c6000 	C:\WINDOWS\SYSTEM32\ntdll.dll
0x00007ffb39150000 - 0x00007ffb39162000 	C:\Program Files\AVG\Antivirus\aswhook.dll
0x00007ffb3e510000 - 0x00007ffb3e5cd000 	C:\WINDOWS\System32\KERNEL32.DLL
0x00007ffb3d7f0000 - 0x00007ffb3dab9000 	C:\WINDOWS\System32\KERNELBASE.dll
0x00007ffb3db20000 - 0x00007ffb3dc20000 	C:\WINDOWS\System32\ucrtbase.dll
0x00007ffb38f40000 - 0x00007ffb38f58000 	C:\Program Files\Java\jdk-14.0.1\bin\jli.dll
0x00007ffb3f1c0000 - 0x00007ffb3f26c000 	C:\WINDOWS\System32\ADVAPI32.dll
0x00007ffb3e820000 - 0x00007ffb3e8be000 	C:\WINDOWS\System32\msvcrt.dll
0x00007ffb3fc80000 - 0x00007ffb3fd1c000 	C:\WINDOWS\System32\sechost.dll
0x00007ffb3fd60000 - 0x00007ffb3fe8b000 	C:\WINDOWS\System32\RPCRT4.dll
0x00007ffb3e140000 - 0x00007ffb3e2e0000 	C:\WINDOWS\System32\USER32.dll
0x00007ffb3df00000 - 0x00007ffb3df22000 	C:\WINDOWS\System32\win32u.dll
0x00007ffb3fd30000 - 0x00007ffb3fd5a000 	C:\WINDOWS\System32\GDI32.dll
0x00007ffb3ddf0000 - 0x00007ffb3defb000 	C:\WINDOWS\System32\gdi32full.dll
0x00007ffb3dd50000 - 0x00007ffb3dded000 	C:\WINDOWS\System32\msvcp_win.dll
0x00007ffb24810000 - 0x00007ffb24825000 	C:\Program Files\Java\jdk-14.0.1\bin\VCRUNTIME140.dll
0x00007ffb258c0000 - 0x00007ffb25b5b000 	C:\WINDOWS\WinSxS\amd64_microsoft.windows.common-controls_6595b64144ccf1df_6.0.19041.746_none_ca02b4b61b8320a4\COMCTL32.dll
0x00007ffb37f90000 - 0x00007ffb37f9a000 	C:\WINDOWS\SYSTEM32\VERSION.dll
0x00007ffb3ee20000 - 0x00007ffb3ee50000 	C:\WINDOWS\System32\IMM32.DLL
0x00007ffb190b0000 - 0x00007ffb1914b000 	C:\Program Files\Java\jdk-14.0.1\bin\msvcp140.dll
0x00007ffae43f0000 - 0x00007ffae4f0e000 	C:\Program Files\Java\jdk-14.0.1\bin\server\jvm.dll
0x00007ffb3e3b0000 - 0x00007ffb3e3b8000 	C:\WINDOWS\System32\PSAPI.DLL
0x00007ffb2a4e0000 - 0x00007ffb2a4e9000 	C:\WINDOWS\SYSTEM32\WSOCK32.dll
0x00007ffb3e340000 - 0x00007ffb3e3ab000 	C:\WINDOWS\System32\WS2_32.dll
0x00007ffb2ca70000 - 0x00007ffb2ca97000 	C:\WINDOWS\SYSTEM32\WINMM.dll
0x00007ffb3bf10000 - 0x00007ffb3bf22000 	C:\WINDOWS\SYSTEM32\kernel.appcore.dll
0x00007ffb2a190000 - 0x00007ffb2a19a000 	C:\Program Files\Java\jdk-14.0.1\bin\jimage.dll
0x00007ffb375b0000 - 0x00007ffb37794000 	C:\WINDOWS\SYSTEM32\DBGHELP.DLL
0x00007ffb38080000 - 0x00007ffb380ac000 	C:\WINDOWS\SYSTEM32\dbgcore.DLL
0x00007ffb3dcd0000 - 0x00007ffb3dd50000 	C:\WINDOWS\System32\bcryptPrimitives.dll
0x00007ffb20d90000 - 0x00007ffb20dc8000 	C:\Program Files\Java\jdk-14.0.1\bin\jdwp.dll
0x00007ffb20750000 - 0x00007ffb20775000 	C:\Program Files\Java\jdk-14.0.1\bin\java.dll
0x00007ffb388c0000 - 0x00007ffb388ce000 	C:\Program Files\Java\jdk-14.0.1\bin\instrument.dll
0x00007ffb1fd20000 - 0x00007ffb1fd36000 	C:\Program Files\Java\jdk-14.0.1\bin\zip.dll
0x00007ffb3f450000 - 0x00007ffb3fb93000 	C:\WINDOWS\System32\SHELL32.dll
0x00007ffb3b770000 - 0x00007ffb3beff000 	C:\WINDOWS\SYSTEM32\windows.storage.dll
0x00007ffb3ee60000 - 0x00007ffb3f1b6000 	C:\WINDOWS\System32\combase.dll
0x00007ffb3cfa0000 - 0x00007ffb3cfcc000 	C:\WINDOWS\SYSTEM32\Wldp.dll
0x00007ffb3e770000 - 0x00007ffb3e81e000 	C:\WINDOWS\System32\SHCORE.dll
0x00007ffb3e0e0000 - 0x00007ffb3e135000 	C:\WINDOWS\System32\shlwapi.dll
0x00007ffb3d540000 - 0x00007ffb3d566000 	C:\WINDOWS\SYSTEM32\profapi.dll
0x00007ffb37e20000 - 0x00007ffb37e2b000 	C:\Program Files\Java\jdk-14.0.1\bin\dt_socket.dll
0x00007ffb3ca10000 - 0x00007ffb3ca4b000 	C:\WINDOWS\SYSTEM32\IPHLPAPI.DLL
0x00007ffb3cd20000 - 0x00007ffb3cd8a000 	C:\WINDOWS\system32\mswsock.dll
0x00007ffb3ca50000 - 0x00007ffb3cb1b000 	C:\WINDOWS\SYSTEM32\DNSAPI.dll
0x00007ffb3fd20000 - 0x00007ffb3fd28000 	C:\WINDOWS\System32\NSI.dll
0x00007ffb31420000 - 0x00007ffb3142a000 	C:\Windows\System32\rasadhlp.dll
0x00007ffb30620000 - 0x00007ffb3069f000 	C:\WINDOWS\System32\fwpuclnt.dll
0x00007ffb3d610000 - 0x00007ffb3d637000 	C:\WINDOWS\System32\bcrypt.dll
0x00007ffb1f780000 - 0x00007ffb1f799000 	C:\Program Files\Java\jdk-14.0.1\bin\net.dll
0x00007ffb34b80000 - 0x00007ffb34c80000 	C:\WINDOWS\SYSTEM32\WINHTTP.dll
0x00007ffb1ed80000 - 0x00007ffb1ed92000 	C:\Program Files\Java\jdk-14.0.1\bin\nio.dll
0x00007ffb248b0000 - 0x00007ffb248c0000 	C:\Program Files\Java\jdk-14.0.1\bin\verify.dll

dbghelp: loaded successfully - version: 4.0.5 - missing functions: none
symbol engine: initialized successfully - sym options: 0x614 - pdb path: .;C:\Program Files\Java\jdk-14.0.1\bin;C:\WINDOWS\SYSTEM32;C:\Program Files\AVG\Antivirus;C:\WINDOWS\WinSxS\amd64_microsoft.windows.common-controls_6595b64144ccf1df_6.0.19041.746_none_ca02b4b61b8320a4;C:\Program Files\Java\jdk-14.0.1\bin\server

VM Arguments:
jvm_args: -XX:+ShowCodeDetailsInExceptionMessages -agentlib:jdwp=transport=dt_socket,suspend=y,address=localhost:59806 -javaagent:C:\Users\niv\eclipse\java-2020-09\eclipse\configuration\org.eclipse.osgi\215\0\.cp\lib\javaagent-shaded.jar -Dfile.encoding=Cp1255 
java_command: bohan.STR
java_class_path (initial): C:\Users\niv\eclipse-workspace\Ariel\bin;C:\Users\niv\.p2\pool\plugins\org.junit.jupiter.api_5.6.0.v20200203-2009.jar;C:\Users\niv\.p2\pool\plugins\org.junit.jupiter.engine_5.6.0.v20200203-2009.jar;C:\Users\niv\.p2\pool\plugins\org.junit.jupiter.migrationsupport_5.6.0.v20200203-2009.jar;C:\Users\niv\.p2\pool\plugins\org.junit.jupiter.params_5.6.0.v20200203-2009.jar;C:\Users\niv\.p2\pool\plugins\org.junit.platform.commons_1.6.0.v20200203-2009.jar;C:\Users\niv\.p2\pool\plugins\org.junit.platform.engine_1.6.0.v20200203-2009.jar;C:\Users\niv\.p2\pool\plugins\org.junit.platform.launcher_1.6.0.v20200203-2009.jar;C:\Users\niv\.p2\pool\plugins\org.junit.platform.runner_1.6.0.v20200203-2009.jar;C:\Users\niv\.p2\pool\plugins\org.junit.platform.suite.api_1.6.0.v20200203-2009.jar;C:\Users\niv\.p2\pool\plugins\org.junit.vintage.engine_5.6.0.v20200203-2009.jar;C:\Users\niv\.p2\pool\plugins\org.opentest4j_1.2.0.v20190826-0900.jar;C:\Users\niv\.p2\pool\plugins\org.apiguardian_1.1.0.v20190826-0900.jar;C:\Users\niv\.p2\pool\plugins\org.junit_4.13.0.v20200204-1500.jar;C:\Users\niv\.p2\pool\plugins\org.hamcrest.core_1.3.0.v20180420-1519.jar
Launcher Type: SUN_STANDARD

[Global flags]
     intx CICompilerCount                          = 3                                         {product} {ergonomic}
     uint ConcGCThreads                            = 1                                         {product} {ergonomic}
     uint G1ConcRefinementThreads                  = 4                                         {product} {ergonomic}
   size_t G1HeapRegionSize                         = 1048576                                   {product} {ergonomic}
    uintx GCDrainStackTargetSize                   = 64                                        {product} {ergonomic}
   size_t InitialHeapSize                          = 134217728                                 {product} {ergonomic}
   size_t MarkStackSize                            = 4194304                                   {product} {ergonomic}
   size_t MaxHeapSize                              = 2134900736                                {product} {ergonomic}
   size_t MaxNewSize                               = 1280311296                                {product} {ergonomic}
   size_t MinHeapDeltaBytes                        = 1048576                                   {product} {ergonomic}
   size_t MinHeapSize                              = 8388608                                   {product} {ergonomic}
    uintx NonNMethodCodeHeapSize                   = 5832780                                {pd product} {ergonomic}
    uintx NonProfiledCodeHeapSize                  = 122912730                              {pd product} {ergonomic}
    uintx ProfiledCodeHeapSize                     = 122912730                              {pd product} {ergonomic}
    uintx ReservedCodeCacheSize                    = 251658240                              {pd product} {ergonomic}
     bool SegmentedCodeCache                       = true                                      {product} {ergonomic}
     bool ShowCodeDetailsInExceptionMessages       = true                                   {manageable} {command line}
   size_t SoftMaxHeapSize                          = 2134900736                             {manageable} {ergonomic}
     bool UseCompressedClassPointers               = true                                 {lp64_product} {ergonomic}
     bool UseCompressedOops                        = true                                 {lp64_product} {ergonomic}
     bool UseG1GC                                  = true                                      {product} {ergonomic}
     bool UseLargePagesIndividualAllocation        = false                                  {pd product} {ergonomic}

Logging:
Log output configuration:
 #0: stdout all=warning uptime,level,tags
 #1: stderr all=off uptime,level,tags

Environment Variables:
PATH=C:/Program Files/Java/jdk-14.0.1/bin/server;C:/Program Files/Java/jdk-14.0.1/bin;C:\WINDOWS\system32;C:\WINDOWS;C:\WINDOWS\System32\Wbem;C:\WINDOWS\System32\WindowsPowerShell\v1.0\;C:\WINDOWS\System32\OpenSSH\;C:\Program Files (x86)\Windows Live\Shared;C:\Program Files\dotnet\;C:\Users\niv\AppData\Local\Microsoft\WindowsApps;C:\Program Files\Java\jdk-14.0.1\bin;;C:\WINDOWS\system32;
USERNAME=niv
OS=Windows_NT
PROCESSOR_IDENTIFIER=Intel64 Family 6 Model 58 Stepping 9, GenuineIntel



---------------  S Y S T E M  ---------------

OS: Windows 10 , 64 bit Build 19041 (10.0.19041.662)
OS uptime: 3 days 2:49 hours

CPU:total 4 (initial active 4) (4 cores per cpu, 1 threads per core) family 6 model 58 stepping 9, cmov, cx8, fxsr, mmx, sse, sse2, sse3, ssse3, sse4.1, sse4.2, popcnt, avx, aes, clmul, erms, tsc, tscinvbit, tscinv

Memory: 4k page, system-wide physical 8138M (2777M free)
TotalPageFile size 10726M (AvailPageFile size 1602M)
current process WorkingSet (physical memory assigned to process): 42M, peak: 44M
current process commit charge ("private bytes"): 209M, peak: 210M

vm_info: Java HotSpot(TM) 64-Bit Server VM (14.0.1+7) for windows-amd64 JRE (14.0.1+7), built on Mar  5 2020 10:30:14 by "mach5one" with MS VC++ 15.9 (VS2017)

END.
